1637839139374	geckodriver	INFO	Listening on 127.0.0.1:51819
1637839142431	mozrunner::runner	INFO	Running command: "C:\\Program Files\\Mozilla Firefox\\firefox.exe" "--marionette" "--remote-debugging-port" "51820" "-no-remote" "-profile" "C:\\Users\\35266\\AppData\\Local\\Temp\\rust_mozprofileJCtEsn"
1637839142788	Marionette	INFO	Marionette enabled
console.warn: SearchSettings: "get: No settings file exists, new profile?" (new NotFoundError("Could not open the file at C:\\Users\\35266\\AppData\\Local\\Temp\\rust_mozprofileJCtEsn\\search.json.mozlz4", (void 0)))
DevTools listening on ws://localhost:51820/devtools/browser/066fdbe3-70ca-4c0d-87da-b9db15ac9c44
1637839144679	Marionette	INFO	Listening on port 51826
1637839145086	RemoteAgent	WARN	TLS certificate errors will be ignored for this session
console.log: WebExtensions: reset-default-search: starting.
console.log: WebExtensions: reset-default-search: No addons in our list are installed.
JavaScript error: resource://gre/modules/PromiseWorker.jsm, line 106: Error: Could not get children of file(C:\Users\35266\AppData\Local\Temp\rust_mozprofileJCtEsn\thumbnails) because it does not exist
JavaScript error: , line 0: NS_ERROR_NOT_AVAILABLE
JavaScript error: resource://gre/modules/PromiseWorker.jsm, line 106: Error: Could not get children of file(C:\Users\35266\AppData\Local\Temp\rust_mozprofileJCtEsn\thumbnails) because it does not exist
JavaScript error: , line 0: NotFoundError: Could not move source file(C:\Users\35266\AppData\Local\Temp\rust_mozprofileJCtEsn\bookmarkbackups\bookmarks-2021-11-26_11_gcfgM4dCO91FOSUwaAiPzg==.jsonlz4) because it does not exist
JavaScript error: resource://gre/modules/PromiseWorker.jsm, line 106: Error: Could not get children of file(C:\Users\35266\AppData\Local\Temp\rust_mozprofileJCtEsn\thumbnails) because it does not exist
JavaScript error: resource://gre/modules/PromiseWorker.jsm, line 106: Error: Could not get children of file(C:\Users\35266\AppData\Local\Temp\rust_mozprofileJCtEsn\thumbnails) because it does not exist
JavaScript error: resource://gre/modules/PromiseWorker.jsm, line 106: Error: Could not get children of file(C:\Users\35266\AppData\Local\Temp\rust_mozprofileJCtEsn\thumbnails) because it does not exist
JavaScript error: resource://gre/modules/PromiseWorker.jsm, line 106: Error: Could not get children of file(C:\Users\35266\AppData\Local\Temp\rust_mozprofileJCtEsn\thumbnails) because it does not exist
JavaScript error: , line 0: NS_ERROR_NOT_AVAILABLE
JavaScript error: resource://gre/modules/PromiseWorker.jsm, line 106: Error: Could not get children of file(C:\Users\35266\AppData\Local\Temp\rust_mozprofileJCtEsn\thumbnails) because it does not exist
JavaScript error: resource://gre/modules/PromiseWorker.jsm, line 106: Error: Could not get children of file(C:\Users\35266\AppData\Local\Temp\rust_mozprofileJCtEsn\thumbnails) because it does not exist
JavaScript error: resource://gre/modules/PromiseWorker.jsm, line 106: Error: Could not get children of file(C:\Users\35266\AppData\Local\Temp\rust_mozprofileJCtEsn\thumbnails) because it does not exist
JavaScript error: resource://gre/modules/PromiseWorker.jsm, line 106: Error: Could not get children of file(C:\Users\35266\AppData\Local\Temp\rust_mozprofileJCtEsn\thumbnails) because it does not exist
JavaScript error: resource://gre/modules/PromiseWorker.jsm, line 106: Error: Could not get children of file(C:\Users\35266\AppData\Local\Temp\rust_mozprofileJCtEsn\thumbnails) because it does not exist
JavaScript error: resource://gre/modules/PromiseWorker.jsm, line 106: Error: Could not get children of file(C:\Users\35266\AppData\Local\Temp\rust_mozprofileJCtEsn\thumbnails) because it does not exist
JavaScript error: resource://gre/modules/PromiseWorker.jsm, line 106: Error: Could not get children of file(C:\Users\35266\AppData\Local\Temp\rust_mozprofileJCtEsn\thumbnails) because it does not exist
JavaScript error: resource://gre/modules/PromiseWorker.jsm, line 106: Error: Could not get children of file(C:\Users\35266\AppData\Local\Temp\rust_mozprofileJCtEsn\thumbnails) because it does not exist
JavaScript error: resource://gre/modules/PromiseWorker.jsm, line 106: Error: Could not get children of file(C:\Users\35266\AppData\Local\Temp\rust_mozprofileJCtEsn\thumbnails) because it does not exist
JavaScript error: , line 0: NS_ERROR_NOT_AVAILABLE
JavaScript error: resource://gre/modules/PromiseWorker.jsm, line 106: Error: Could not get children of file(C:\Users\35266\AppData\Local\Temp\rust_mozprofileJCtEsn\thumbnails) because it does not exist
JavaScript error: resource://gre/modules/PromiseWorker.jsm, line 106: Error: Could not get children of file(C:\Users\35266\AppData\Local\Temp\rust_mozprofileJCtEsn\thumbnails) because it does not exist
JavaScript error: resource://gre/modules/PromiseWorker.jsm, line 106: Error: Could not get children of file(C:\Users\35266\AppData\Local\Temp\rust_mozprofileJCtEsn\thumbnails) because it does not exist
JavaScript error: resource://gre/modules/PromiseWorker.jsm, line 106: Error: Could not get children of file(C:\Users\35266\AppData\Local\Temp\rust_mozprofileJCtEsn\thumbnails) because it does not exist
JavaScript error: resource://gre/modules/PromiseWorker.jsm, line 106: Error: Could not get children of file(C:\Users\35266\AppData\Local\Temp\rust_mozprofileJCtEsn\thumbnails) because it does not exist
JavaScript error: resource://gre/modules/PromiseWorker.jsm, line 106: Error: Could not get children of file(C:\Users\35266\AppData\Local\Temp\rust_mozprofileJCtEsn\thumbnails) because it does not exist
JavaScript error: resource://gre/modules/PromiseWorker.jsm, line 106: Error: Could not get children of file(C:\Users\35266\AppData\Local\Temp\rust_mozprofileJCtEsn\thumbnails) because it does not exist
JavaScript error: resource://gre/modules/PromiseWorker.jsm, line 106: Error: Could not get children of file(C:\Users\35266\AppData\Local\Temp\rust_mozprofileJCtEsn\thumbnails) because it does not exist
JavaScript error: resource://gre/modules/PromiseWorker.jsm, line 106: Error: Could not get children of file(C:\Users\35266\AppData\Local\Temp\rust_mozprofileJCtEsn\thumbnails) because it does not exist
JavaScript error: resource://gre/modules/PromiseWorker.jsm, line 106: Error: Could not get children of file(C:\Users\35266\AppData\Local\Temp\rust_mozprofileJCtEsn\thumbnails) because it does not exist
JavaScript error: , line 0: NS_ERROR_NOT_AVAILABLE
JavaScript error: resource://gre/modules/PromiseWorker.jsm, line 106: Error: Could not get children of file(C:\Users\35266\AppData\Local\Temp\rust_mozprofileJCtEsn\thumbnails) because it does not exist
JavaScript error: resource://gre/modules/PromiseWorker.jsm, line 106: Error: Could not get children of file(C:\Users\35266\AppData\Local\Temp\rust_mozprofileJCtEsn\thumbnails) because it does not exist
JavaScript error: resource://gre/modules/PromiseWorker.jsm, line 106: Error: Could not get children of file(C:\Users\35266\AppData\Local\Temp\rust_mozprofileJCtEsn\thumbnails) because it does not exist
JavaScript error: resource://gre/modules/PromiseWorker.jsm, line 106: Error: Could not get children of file(C:\Users\35266\AppData\Local\Temp\rust_mozprofileJCtEsn\thumbnails) because it does not exist
JavaScript error: resource://gre/modules/PromiseWorker.jsm, line 106: Error: Could not get children of file(C:\Users\35266\AppData\Local\Temp\rust_mozprofileJCtEsn\thumbnails) because it does not exist
JavaScript error: resource://gre/modules/PromiseWorker.jsm, line 106: Error: Could not get children of file(C:\Users\35266\AppData\Local\Temp\rust_mozprofileJCtEsn\thumbnails) because it does not exist
JavaScript error: resource://gre/modules/PromiseWorker.jsm, line 106: Error: Could not get children of file(C:\Users\35266\AppData\Local\Temp\rust_mozprofileJCtEsn\thumbnails) because it does not exist
JavaScript error: resource://gre/modules/PromiseWorker.jsm, line 106: Error: Could not get children of file(C:\Users\35266\AppData\Local\Temp\rust_mozprofileJCtEsn\thumbnails) because it does not exist
JavaScript error: resource://gre/modules/PromiseWorker.jsm, line 106: Error: Could not get children of file(C:\Users\35266\AppData\Local\Temp\rust_mozprofileJCtEsn\thumbnails) because it does not exist
JavaScript error: resource://gre/modules/PromiseWorker.jsm, line 106: Error: Could not get children of file(C:\Users\35266\AppData\Local\Temp\rust_mozprofileJCtEsn\thumbnails) because it does not exist
JavaScript error: resource://gre/modules/PromiseWorker.jsm, line 106: Error: Could not get children of file(C:\Users\35266\AppData\Local\Temp\rust_mozprofileJCtEsn\thumbnails) because it does not exist
JavaScript error: resource://gre/modules/PromiseWorker.jsm, line 106: Error: Could not get children of file(C:\Users\35266\AppData\Local\Temp\rust_mozprofileJCtEsn\thumbnails) because it does not exist
JavaScript error: resource://gre/modules/PromiseWorker.jsm, line 106: Error: Could not get children of file(C:\Users\35266\AppData\Local\Temp\rust_mozprofileJCtEsn\thumbnails) because it does not exist
JavaScript error: , line 0: NS_ERROR_NOT_AVAILABLE
JavaScript error: resource://gre/modules/PromiseWorker.jsm, line 106: Error: Could not get children of file(C:\Users\35266\AppData\Local\Temp\rust_mozprofileJCtEsn\thumbnails) because it does not exist
JavaScript error: resource://gre/modules/PromiseWorker.jsm, line 106: Error: Could not get children of file(C:\Users\35266\AppData\Local\Temp\rust_mozprofileJCtEsn\thumbnails) because it does not exist
JavaScript error: resource://gre/modules/PromiseWorker.jsm, line 106: Error: Could not get children of file(C:\Users\35266\AppData\Local\Temp\rust_mozprofileJCtEsn\thumbnails) because it does not exist
JavaScript error: resource://gre/modules/PromiseWorker.jsm, line 106: Error: Could not get children of file(C:\Users\35266\AppData\Local\Temp\rust_mozprofileJCtEsn\thumbnails) because it does not exist
JavaScript error: resource://gre/modules/PromiseWorker.jsm, line 106: Error: Could not get children of file(C:\Users\35266\AppData\Local\Temp\rust_mozprofileJCtEsn\thumbnails) because it does not exist
JavaScript error: resource://gre/modules/PromiseWorker.jsm, line 106: Error: Could not get children of file(C:\Users\35266\AppData\Local\Temp\rust_mozprofileJCtEsn\thumbnails) because it does not exist
JavaScript error: resource://gre/modules/PromiseWorker.jsm, line 106: Error: Could not get children of file(C:\Users\35266\AppData\Local\Temp\rust_mozprofileJCtEsn\thumbnails) because it does not exist
JavaScript error: resource://gre/modules/PromiseWorker.jsm, line 106: Error: Could not get children of file(C:\Users\35266\AppData\Local\Temp\rust_mozprofileJCtEsn\thumbnails) because it does not exist
JavaScript error: resource://gre/modules/PromiseWorker.jsm, line 106: Error: Could not get children of file(C:\Users\35266\AppData\Local\Temp\rust_mozprofileJCtEsn\thumbnails) because it does not exist
JavaScript error: resource://gre/modules/PromiseWorker.jsm, line 106: Error: Could not get children of file(C:\Users\35266\AppData\Local\Temp\rust_mozprofileJCtEsn\thumbnails) because it does not exist
JavaScript error: resource://gre/modules/PromiseWorker.jsm, line 106: Error: Could not get children of file(C:\Users\35266\AppData\Local\Temp\rust_mozprofileJCtEsn\thumbnails) because it does not exist
JavaScript error: resource://gre/modules/PromiseWorker.jsm, line 106: Error: Could not get children of file(C:\Users\35266\AppData\Local\Temp\rust_mozprofileJCtEsn\thumbnails) because it does not exist
JavaScript error: , line 0: NS_ERROR_NOT_AVAILABLE
JavaScript error: resource://gre/modules/PromiseWorker.jsm, line 106: Error: Could not get children of file(C:\Users\35266\AppData\Local\Temp\rust_mozprofileJCtEsn\thumbnails) because it does not exist
JavaScript error: resource://gre/modules/PromiseWorker.jsm, line 106: Error: Could not get children of file(C:\Users\35266\AppData\Local\Temp\rust_mozprofileJCtEsn\thumbnails) because it does not exist
JavaScript error: resource://gre/modules/PromiseWorker.jsm, line 106: Error: Could not get children of file(C:\Users\35266\AppData\Local\Temp\rust_mozprofileJCtEsn\thumbnails) because it does not exist
JavaScript error: resource://gre/modules/PromiseWorker.jsm, line 106: Error: Could not get children of file(C:\Users\35266\AppData\Local\Temp\rust_mozprofileJCtEsn\thumbnails) because it does not exist
JavaScript error: resource://gre/modules/PromiseWorker.jsm, line 106: Error: Could not get children of file(C:\Users\35266\AppData\Local\Temp\rust_mozprofileJCtEsn\thumbnails) because it does not exist
JavaScript error: , line 0: uncaught exception: null
JavaScript error: , line 0: uncaught exception: null
JavaScript error: resource://gre/modules/PromiseWorker.jsm, line 106: Error: Could not get children of file(C:\Users\35266\AppData\Local\Temp\rust_mozprofileJCtEsn\thumbnails) because it does not exist
JavaScript error: , line 0: uncaught exception: null
JavaScript error: , line 0: uncaught exception: null
JavaScript error: , line 0: uncaught exception: null
JavaScript error: resource://gre/modules/PromiseWorker.jsm, line 106: Error: Could not get children of file(C:\Users\35266\AppData\Local\Temp\rust_mozprofileJCtEsn\thumbnails) because it does not exist
JavaScript error: , line 0: uncaught exception: null
JavaScript error: , line 0: uncaught exception: null
JavaScript error: , line 0: uncaught exception: null
JavaScript error: , line 0: uncaught exception: null
JavaScript error: , line 0: uncaught exception: null
JavaScript error: , line 0: NotFoundError: Could not move source file(C:\Users\35266\AppData\Local\Temp\rust_mozprofileJCtEsn\bookmarkbackups\bookmarks-2021-12-02_11_gcfgM4dCO91FOSUwaAiPzg==.jsonlz4) because it does not exist
JavaScript error: , line 0: uncaught exception: null
JavaScript error: , line 0: uncaught exception: null
JavaScript error: , line 0: uncaught exception: null
JavaScript error: , line 0: uncaught exception: null
JavaScript error: , line 0: uncaught exception: null
JavaScript error: , line 0: uncaught exception: null
JavaScript error: , line 0: uncaught exception: null
JavaScript error: resource://gre/modules/PromiseWorker.jsm, line 106: Error: Could not get children of file(C:\Users\35266\AppData\Local\Temp\rust_mozprofileJCtEsn\thumbnails) because it does not exist
JavaScript error: , line 0: uncaught exception: null
JavaScript error: , line 0: uncaught exception: null
JavaScript error: , line 0: uncaught exception: null
JavaScript error: resource://gre/modules/PromiseWorker.jsm, line 106: Error: Could not get children of file(C:\Users\35266\AppData\Local\Temp\rust_mozprofileJCtEsn\thumbnails) because it does not exist
JavaScript error: , line 0: uncaught exception: null
JavaScript error: , line 0: uncaught exception: null
JavaScript error: resource://gre/modules/PromiseWorker.jsm, line 106: Error: Could not get children of file(C:\Users\35266\AppData\Local\Temp\rust_mozprofileJCtEsn\thumbnails) because it does not exist
JavaScript error: , line 0: uncaught exception: null
JavaScript error: resource://gre/modules/PromiseWorker.jsm, line 106: Error: Could not get children of file(C:\Users\35266\AppData\Local\Temp\rust_mozprofileJCtEsn\thumbnails) because it does not exist
JavaScript error: , line 0: uncaught exception: null
JavaScript error: , line 0: uncaught exception: null
JavaScript error: , line 0: uncaught exception: null
JavaScript error: , line 0: uncaught exception: null
JavaScript error: , line 0: uncaught exception: null
JavaScript error: , line 0: uncaught exception: null
JavaScript error: , line 0: uncaught exception: null
JavaScript error: resource://gre/modules/PromiseWorker.jsm, line 106: Error: Could not get children of file(C:\Users\35266\AppData\Local\Temp\rust_mozprofileJCtEsn\thumbnails) because it does not exist
JavaScript error: , line 0: uncaught exception: null
JavaScript error: , line 0: uncaught exception: null
JavaScript error: , line 0: uncaught exception: null
JavaScript error: , line 0: uncaught exception: null
JavaScript error: , line 0: uncaught exception: null
JavaScript error: , line 0: uncaught exception: null
JavaScript error: , line 0: uncaught exception: null
JavaScript error: , line 0: uncaught exception: null
JavaScript error: , line 0: uncaught exception: null
JavaScript error: , line 0: uncaught exception: null
JavaScript error: resource://gre/modules/PromiseWorker.jsm, line 106: Error: Could not get children of file(C:\Users\35266\AppData\Local\Temp\rust_mozprofileJCtEsn\thumbnails) because it does not exist
JavaScript error: , line 0: uncaught exception: null
JavaScript error: , line 0: uncaught exception: null
JavaScript error: , line 0: uncaught exception: null
JavaScript error: , line 0: uncaught exception: null
JavaScript error: , line 0: uncaught exception: null
JavaScript error: , line 0: uncaught exception: null
