1637838041804	geckodriver	INFO	Listening on 127.0.0.1:50736
1637838044844	mozrunner::runner	INFO	Running command: "C:\\Program Files\\Mozilla Firefox\\firefox.exe" "--marionette" "--remote-debugging-port" "50737" "-no-remote" "-profile" "C:\\Users\\35266\\AppData\\Local\\Temp\\rust_mozprofileiYhrwc"
1637838045200	Marionette	INFO	Marionette enabled
console.warn: SearchSettings: "get: No settings file exists, new profile?" (new NotFoundError("Could not open the file at C:\\Users\\35266\\AppData\\Local\\Temp\\rust_mozprofileiYhrwc\\search.json.mozlz4", (void 0)))
DevTools listening on ws://localhost:50737/devtools/browser/61a2b8db-98ad-4021-b85a-2a2b64e76e73
1637838047143	Marionette	INFO	Listening on port 50743
1637838047500	RemoteAgent	WARN	TLS certificate errors will be ignored for this session
1637838051987	Marionette	WARN	TimedPromise timed out after 500 ms: stacktrace:
TimedPromise/<@chrome://remote/content/marionette/sync.js:238:19
TimedPromise@chrome://remote/content/marionette/sync.js:223:10
interaction.flushEventLoop@chrome://remote/content/marionette/interaction.js:431:10
webdriverClickElement@chrome://remote/content/marionette/interaction.js:179:31
send@https://opensource-demo.orangehrmlive.com/webres_6051af48107ce6.31500353/js/jquery/jquery-3.4.1.min.js:2:81476
ajax@https://opensource-demo.orangehrmlive.com/webres_6051af48107ce6.31500353/js/jquery/jquery-3.4.1.min.js:2:77295
k._evalUrl@https://opensource-demo.orangehrmlive.com/webres_6051af48107ce6.31500353/js/jquery/jquery-3.4.1.min.js:2:79350
Ie@https://opensource-demo.orangehrmlive.com/webres_6051af48107ce6.31500353/js/jquery/jquery-3.4.1.min.js:2:48088
append@https://opensource-demo.orangehrmlive.com/webres_6051af48107ce6.31500353/js/jquery/jquery-3.4.1.min.js:2:49520
html/<@https://opensource-demo.orangehrmlive.com/webres_6051af48107ce6.31500353/js/jquery/jquery-3.4.1.min.js:2:50612
_@https://opensource-demo.orangehrmlive.com/webres_6051af48107ce6.31500353/js/jquery/jquery-3.4.1.min.js:2:31840
html@https://opensource-demo.orangehrmlive.com/webres_6051af48107ce6.31500353/js/jquery/jquery-3.4.1.min.js:2:50290
success@https://opensource-demo.orangehrmlive.com/index.php/dashboard:1250:36
c@https://opensource-demo.orangehrmlive.com/webres_6051af48107ce6.31500353/js/jquery/jquery-3.4.1.min.js:2:27742
fireWith@https://opensource-demo.orangehrmlive.com/webres_6051af48107ce6.31500353/js/jquery/jquery-3.4.1.min.js:2:28487
l@https://opensource-demo.orangehrmlive.com/webres_6051af48107ce6.31500353/js/jquery/jquery-3.4.1.min.js:2:78789
o/<@https://opensource-demo.orangehrmlive.com/webres_6051af48107ce6.31500353/js/jquery/jquery-3.4.1.min.js:2:81117
1637838147035	Marionette	INFO	Stopped listening on port 50743
console.warn: TopSitesFeed: Failed to fetch data from Contile server: NetworkError when attempting to fetch resource.

###!!! [Parent][RunMessage] Error: Channel closing: too late to send/recv, messages will be lost

